<?xml version="1.0" encoding="UTF-8"?>
<!-- Generated by org.testng.reporters.JUnitReportReporter -->
<testsuite hostname="AILT-100286" failures="0" tests="1" name="A1_Transaction_RawMaterial.TC_02_Goods_Recipt_With_PO_Split_1_Batch" time="214.229" errors="0" timestamp="2024-01-29T15:32:26 IST" skipped="0">
  <testcase classname="A1_Transaction_RawMaterial.TC_02_Goods_Recipt_With_PO_Split_1_Batch" name="Ordertypr" time="214.229"/>
  <system-out/>
</testsuite> <!-- A1_Transaction_RawMaterial.TC_02_Goods_Recipt_With_PO_Split_1_Batch -->
