<?xml version="1.0" encoding="UTF-8"?>
<!-- Generated by org.testng.reporters.JUnitReportReporter -->
<testsuite hostname="AILT-100286" failures="0" tests="1" name="C1_Transactions_SemiFinished_Product_Create.TC_06_02_Batch_Order_SFG_2RM_Tick_Add_UseForPartial" time="97.755" errors="0" timestamp="2024-02-19T12:25:32 IST" skipped="0">
  <testcase classname="C1_Transactions_SemiFinished_Product_Create.TC_06_02_Batch_Order_SFG_2RM_Tick_Add_UseForPartial" name="Bill_Of_Material" time="97.755"/>
  <system-out/>
</testsuite> <!-- C1_Transactions_SemiFinished_Product_Create.TC_06_02_Batch_Order_SFG_2RM_Tick_Add_UseForPartial -->
