<?xml version="1.0" encoding="UTF-8"?>
<!-- Generated by org.testng.reporters.JUnitReportReporter -->
<testsuite hostname="AILT-100286" failures="0" tests="1" name="A1_Transactions_Positive.TC_04_Quality_Inspection_RM_for_1_Batch" time="22.938" errors="0" timestamp="2024-01-17T15:02:56 IST" skipped="0">
  <testcase classname="A1_Transactions_Positive.TC_04_Quality_Inspection_RM_for_1_Batch" name="Quality_Inspection" time="22.938"/>
  <system-out/>
</testsuite> <!-- A1_Transactions_Positive.TC_04_Quality_Inspection_RM_for_1_Batch -->
