<?xml version="1.0" encoding="UTF-8"?>
<!-- Generated by org.testng.reporters.JUnitReportReporter -->
<testsuite hostname="AILT-100286" failures="0" tests="1" name="A1_Transactions_Positive.TC_08_Create_Test_Request_Prod_01_SPF1" time="66.104" errors="0" timestamp="2024-01-17T17:27:05 IST" skipped="0">
  <testcase classname="A1_Transactions_Positive.TC_08_Create_Test_Request_Prod_01_SPF1" name="Bill_Of_Material" time="66.104"/>
  <system-out/>
</testsuite> <!-- A1_Transactions_Positive.TC_08_Create_Test_Request_Prod_01_SPF1 -->
