<?xml version="1.0" encoding="UTF-8"?>
<!-- Generated by org.testng.reporters.JUnitReportReporter -->
<testsuite hostname="AILT-100286" failures="0" tests="1" name="Transactions_Positive.TC_02_Good_Recipt_With_PO_Split_3_Containter" time="131.197" errors="0" timestamp="2023-12-19T15:17:40 IST" skipped="0">
  <testcase classname="Transactions_Positive.TC_02_Good_Recipt_With_PO_Split_3_Containter" name="Ordertypr" time="131.197"/>
  <system-out/>
</testsuite> <!-- Transactions_Positive.TC_02_Good_Recipt_With_PO_Split_3_Containter -->
