<?xml version="1.0" encoding="UTF-8"?>
<!-- Generated by org.testng.reporters.JUnitReportReporter -->
<testsuite hostname="AILT-100286" failures="0" tests="1" name="Transactions_Positive.TC_15_Quality_Inspection3" time="13.369" errors="0" timestamp="2023-12-25T17:44:52 IST" skipped="0">
  <testcase classname="Transactions_Positive.TC_15_Quality_Inspection3" name="Ordertypr" time="13.369"/>
  <system-out/>
</testsuite> <!-- Transactions_Positive.TC_15_Quality_Inspection3 -->
