<?xml version="1.0" encoding="UTF-8"?>
<!-- Generated by org.testng.reporters.JUnitReportReporter -->
<testsuite hostname="AILT-100286" failures="0" tests="1" name="Transactions_Positive.TC_18_Material_Transfer_Receipt" time="8.389" errors="0" timestamp="2023-12-23T12:34:12 IST" skipped="0">
  <testcase classname="Transactions_Positive.TC_18_Material_Transfer_Receipt" name="Ordertypr" time="8.389"/>
  <system-out/>
</testsuite> <!-- Transactions_Positive.TC_18_Material_Transfer_Receipt -->
