<?xml version="1.0" encoding="UTF-8"?>
<!-- Generated by org.testng.reporters.JUnitReportReporter -->
<testsuite hostname="AILT-100416" failures="0" tests="1" name="A1_Master_Create.TC_04_Manufacturer_Assignment_update" time="55.169" errors="0" timestamp="2024-08-01T15:42:18 IST" skipped="0">
  <testcase classname="A1_Master_Create.TC_04_Manufacturer_Assignment_update" name="Manufacturer_Assignment" time="55.169"/>
</testsuite> <!-- A1_Master_Create.TC_04_Manufacturer_Assignment_update -->
