<?xml version="1.0" encoding="UTF-8"?>
<!-- Generated by org.testng.reporters.JUnitReportReporter -->
<testsuite hostname="AILT-100286" failures="0" tests="1" name="Transactions_Positive.TC_16_Batch_Process_Closure_FP" time="28.348" errors="0" timestamp="2024-01-04T14:44:03 IST" skipped="0">
  <testcase classname="Transactions_Positive.TC_16_Batch_Process_Closure_FP" name="Bill_Of_Material" time="28.348"/>
  <system-out/>
</testsuite> <!-- Transactions_Positive.TC_16_Batch_Process_Closure_FP -->
