<?xml version="1.0" encoding="UTF-8"?>
<!-- Generated by org.testng.reporters.JUnitReportReporter -->
<testsuite hostname="AILT-100286" failures="0" tests="1" name="com_3.Master_ReInitiate_Updated.TC_06_Product_Requirement_ReInitiate_Delete_1Market" time="56.569" errors="0" timestamp="2024-01-04T20:09:25 IST" skipped="0">
  <testcase classname="com_3.Master_ReInitiate_Updated.TC_06_Product_Requirement_ReInitiate_Delete_1Market" name="Material_Master" time="56.569"/>
  <system-out/>
</testsuite> <!-- com_3.Master_ReInitiate_Updated.TC_06_Product_Requirement_ReInitiate_Delete_1Market -->
