<?xml version="1.0" encoding="UTF-8"?>
<!-- Generated by org.testng.reporters.JUnitReportReporter -->
<testsuite hostname="AILT-100286" failures="0" tests="1" name="A1_Masters_Creation.TC_03_Vendor_Master_Supplier" time="38.423" errors="0" timestamp="2024-01-23T15:11:11 IST" skipped="0">
  <testcase classname="A1_Masters_Creation.TC_03_Vendor_Master_Supplier" name="Vendor_Master_Supplier" time="38.423"/>
  <system-out/>
</testsuite> <!-- A1_Masters_Creation.TC_03_Vendor_Master_Supplier -->
