<?xml version="1.0" encoding="UTF-8"?>
<!-- Generated by org.testng.reporters.JUnitReportReporter -->
<testsuite hostname="AILT-100286" failures="0" tests="1" name="A_Transaction_ReInitiate.TC_09_Create_Test_Request_ReInitiate" time="27.540" errors="0" timestamp="2024-01-04T22:35:44 IST" skipped="0">
  <testcase classname="A_Transaction_ReInitiate.TC_09_Create_Test_Request_ReInitiate" name="Bill_Of_Material" time="27.540"/>
  <system-out/>
</testsuite> <!-- A_Transaction_ReInitiate.TC_09_Create_Test_Request_ReInitiate -->
