<?xml version="1.0" encoding="UTF-8"?>
<!-- Generated by org.testng.reporters.JUnitReportReporter -->
<testsuite hostname="AILT-100286" failures="0" tests="1" name="Transactions_Positive.TC_06_Batch_Order_02_RM_SF_Add" time="102.669" errors="0" timestamp="2023-12-28T17:43:54 IST" skipped="0">
  <testcase classname="Transactions_Positive.TC_06_Batch_Order_02_RM_SF_Add" name="Bill_Of_Material" time="102.669"/>
  <system-out/>
</testsuite> <!-- Transactions_Positive.TC_06_Batch_Order_02_RM_SF_Add -->
