<?xml version="1.0" encoding="UTF-8"?>
<!-- Generated by org.testng.reporters.JUnitReportReporter -->
<testsuite hostname="AILT-100286" failures="0" tests="1" name="A1_Transactions_Final.TC_01_Purchase_Order_Entry" time="65.479" errors="0" timestamp="2024-01-19T11:28:56 IST" skipped="0">
  <testcase classname="A1_Transactions_Final.TC_01_Purchase_Order_Entry" name="Purchase_Order_Entry" time="65.479"/>
  <system-out/>
</testsuite> <!-- A1_Transactions_Final.TC_01_Purchase_Order_Entry -->
