<?xml version="1.0" encoding="UTF-8"?>
<!-- Generated by org.testng.reporters.JUnitReportReporter -->
<testsuite hostname="AILT-100416" failures="0" tests="1" name="A1_Master_Create.TC_05_Supplier_Assignment_update" time="40.535" errors="0" timestamp="2024-08-01T16:07:30 IST" skipped="0">
  <testcase classname="A1_Master_Create.TC_05_Supplier_Assignment_update" name="Supplier_Assignment" time="40.535"/>
</testsuite> <!-- A1_Master_Create.TC_05_Supplier_Assignment_update -->
