<?xml version="1.0" encoding="UTF-8"?>
<!-- Generated by org.testng.reporters.JUnitReportReporter -->
<testsuite hostname="AILT-100286" failures="0" tests="1" name="D1_Transactions_FinishedProduct_Create.TC_11_02_Batch_Order_FP_Add_2RM_1SFG" time="106.829" errors="0" timestamp="2024-02-16T15:31:06 IST" skipped="0">
  <testcase classname="D1_Transactions_FinishedProduct_Create.TC_11_02_Batch_Order_FP_Add_2RM_1SFG" name="Bill_Of_Material" time="106.829"/>
  <system-out/>
</testsuite> <!-- D1_Transactions_FinishedProduct_Create.TC_11_02_Batch_Order_FP_Add_2RM_1SFG -->
