<?xml version="1.0" encoding="UTF-8"?>
<!-- Generated by org.testng.reporters.JUnitReportReporter -->
<testsuite hostname="AILT-100286" failures="0" tests="1" name="A1_Transactions_Final.TC_10_01_BOM_FP_Add_2Material_1RM_1SFG_No_KSM" time="82.730" errors="0" timestamp="2024-01-18T16:06:22 IST" skipped="0">
  <testcase classname="A1_Transactions_Final.TC_10_01_BOM_FP_Add_2Material_1RM_1SFG_No_KSM" name="Bill_Of_Material" time="82.730"/>
  <system-out/>
</testsuite> <!-- A1_Transactions_Final.TC_10_01_BOM_FP_Add_2Material_1RM_1SFG_No_KSM -->
