<?xml version="1.0" encoding="UTF-8"?>
<!-- Generated by org.testng.reporters.JUnitReportReporter -->
<testsuite hostname="AILT-100286" failures="0" tests="1" name="Transactions_Release.TC_11_Material_Transfer_Recipt_Release" time="39.769" errors="0" timestamp="2024-01-04T15:08:40 IST" skipped="0">
  <testcase classname="Transactions_Release.TC_11_Material_Transfer_Recipt_Release" name="Ordertypr" time="39.769"/>
  <system-out/>
</testsuite> <!-- Transactions_Release.TC_11_Material_Transfer_Recipt_Release -->
