<?xml version="1.0" encoding="UTF-8"?>
<!-- Generated by org.testng.reporters.JUnitReportReporter -->
<testsuite hostname="AILT-100286" failures="0" tests="1" name="A1_Transactions_Final.TC_14_Quality_Inspection_FinishedProduct" time="31.671" errors="0" timestamp="2024-01-18T12:24:31 IST" skipped="0">
  <testcase classname="A1_Transactions_Final.TC_14_Quality_Inspection_FinishedProduct" name="Ordertypr" time="31.671"/>
  <system-out/>
</testsuite> <!-- A1_Transactions_Final.TC_14_Quality_Inspection_FinishedProduct -->
