<?xml version="1.0" encoding="UTF-8"?>
<!-- Generated by org.testng.reporters.JUnitReportReporter -->
<testsuite hostname="AILT-100286" failures="0" tests="1" name="A1_Transactions_Positive.TC_18_Material_Transfer_Receipt_Release_FP" time="22.234" errors="0" timestamp="2024-01-18T17:14:25 IST" skipped="0">
  <testcase classname="A1_Transactions_Positive.TC_18_Material_Transfer_Receipt_Release_FP" name="Ordertypr" time="22.234"/>
  <system-out/>
</testsuite> <!-- A1_Transactions_Positive.TC_18_Material_Transfer_Receipt_Release_FP -->
