<?xml version="1.0" encoding="UTF-8"?>
<!-- Generated by org.testng.reporters.JUnitReportReporter -->
<testsuite hostname="AILT-100286" failures="0" tests="1" name="Transactions_Positive.TC_06_Batch_Order_03_SF_SF_Add" time="107.806" errors="0" timestamp="2023-12-28T18:37:43 IST" skipped="0">
  <testcase classname="Transactions_Positive.TC_06_Batch_Order_03_SF_SF_Add" name="Bill_Of_Material" time="107.806"/>
  <system-out/>
</testsuite> <!-- Transactions_Positive.TC_06_Batch_Order_03_SF_SF_Add -->
