<?xml version="1.0" encoding="UTF-8"?>
<!-- Generated by org.testng.reporters.JUnitReportReporter -->
<testsuite hostname="AILT-100286" failures="0" tests="1" name="A3_Transaction_ReInitiate.TC_08_Goods_Issue_Mat_Req_ReInitiate_Normal" time="29.720" errors="0" timestamp="2024-02-16T10:28:17 IST" skipped="0">
  <testcase classname="A3_Transaction_ReInitiate.TC_08_Goods_Issue_Mat_Req_ReInitiate_Normal" name="Ordertypr" time="29.720"/>
  <system-out/>
</testsuite> <!-- A3_Transaction_ReInitiate.TC_08_Goods_Issue_Mat_Req_ReInitiate_Normal -->
