<?xml version="1.0" encoding="UTF-8"?>
<!-- Generated by org.testng.reporters.JUnitReportReporter -->
<testsuite hostname="AILT-100286" failures="0" tests="1" name="Transactions_Positive.TC_08_Create_Test_Request_FP" time="43.767" errors="0" timestamp="2023-12-25T17:43:23 IST" skipped="0">
  <testcase classname="Transactions_Positive.TC_08_Create_Test_Request_FP" name="Bill_Of_Material" time="43.767"/>
  <system-out/>
</testsuite> <!-- Transactions_Positive.TC_08_Create_Test_Request_FP -->
