<?xml version="1.0" encoding="UTF-8"?>
<!-- Generated by org.testng.reporters.JUnitReportReporter -->
<testsuite hostname="AILT-100286" failures="0" tests="1" name="C3_Transactions_SemiFinished_Product_ReInitiate.TC_07_Batch_Order_ReInitiate_NegativeTesting" time="20.487" errors="0" timestamp="2024-02-16T17:03:11 IST" skipped="0">
  <testcase classname="C3_Transactions_SemiFinished_Product_ReInitiate.TC_07_Batch_Order_ReInitiate_NegativeTesting" name="Bill_Of_Material" time="20.487"/>
  <system-out/>
</testsuite> <!-- C3_Transactions_SemiFinished_Product_ReInitiate.TC_07_Batch_Order_ReInitiate_NegativeTesting -->
