<?xml version="1.0" encoding="UTF-8"?>
<!-- Generated by org.testng.reporters.JUnitReportReporter -->
<testsuite hostname="AILT-100286" failures="0" tests="1" name="D3_Transaction_FinishedProduct_ReInitiate.TC_07_Batch_Order_ReInitiate_NegativeTesting" time="33.163" errors="0" timestamp="2024-02-16T15:36:27 IST" skipped="0">
  <testcase classname="D3_Transaction_FinishedProduct_ReInitiate.TC_07_Batch_Order_ReInitiate_NegativeTesting" name="Bill_Of_Material" time="33.163"/>
  <system-out/>
</testsuite> <!-- D3_Transaction_FinishedProduct_ReInitiate.TC_07_Batch_Order_ReInitiate_NegativeTesting -->
