<?xml version="1.0" encoding="UTF-8"?>
<!-- Generated by org.testng.reporters.JUnitReportReporter -->
<testsuite hostname="AILT-100286" failures="0" tests="1" name="Transactions_Positive.TC_04_Quality_Inspection1" time="12.846" errors="0" timestamp="2023-12-25T12:39:43 IST" skipped="0">
  <testcase classname="Transactions_Positive.TC_04_Quality_Inspection1" name="Quality_Inspection" time="12.846"/>
  <system-out/>
</testsuite> <!-- Transactions_Positive.TC_04_Quality_Inspection1 -->
