<?xml version="1.0" encoding="UTF-8"?>
<!-- Generated by org.testng.reporters.JUnitReportReporter -->
<testsuite hostname="AILT-100286" failures="0" tests="1" name="y_Single_Screen.TC_02_Material_Inventory" time="18.244" errors="0" timestamp="2024-06-11T16:01:07 IST" skipped="0">
  <testcase classname="y_Single_Screen.TC_02_Material_Inventory" name="Material_Inventory" time="18.244"/>
  <system-out/>
</testsuite> <!-- y_Single_Screen.TC_02_Material_Inventory -->
