<?xml version="1.0" encoding="UTF-8"?>
<!-- Generated by org.testng.reporters.JUnitReportReporter -->
<testsuite hostname="AILT-100286" failures="0" tests="1" name="A1_Transactions_Final.TC_05_BOM_SemiFinished_Add_2RM_1KSM" time="63.551" errors="0" timestamp="2024-01-11T11:17:29 IST" skipped="0">
  <testcase classname="A1_Transactions_Final.TC_05_BOM_SemiFinished_Add_2RM_1KSM" name="Bill_Of_Material" time="63.551"/>
  <system-out/>
</testsuite> <!-- A1_Transactions_Final.TC_05_BOM_SemiFinished_Add_2RM_1KSM -->
