<?xml version="1.0" encoding="UTF-8"?>
<!-- Generated by org.testng.reporters.JUnitReportReporter -->
<testsuite hostname="AILT-100286" failures="0" tests="1" name="A1_Transactions_Final.TC_07_Goods_Issue_Mat_Req_01_Updated_SFP_01_4x1" time="54.104" errors="0" timestamp="2024-01-17T17:15:56 IST" skipped="0">
  <testcase classname="A1_Transactions_Final.TC_07_Goods_Issue_Mat_Req_01_Updated_SFP_01_4x1" name="Ordertypr" time="54.104"/>
  <system-out/>
</testsuite> <!-- A1_Transactions_Final.TC_07_Goods_Issue_Mat_Req_01_Updated_SFP_01_4x1 -->
