<?xml version="1.0" encoding="UTF-8"?>
<!-- Generated by org.testng.reporters.JUnitReportReporter -->
<testsuite hostname="AILT-100286" failures="0" tests="1" name="C2_Transactions_SemiFinished_Product_ReInitiate.TC_05_Bill_Of_Material_ReInitiate" time="51.240" errors="0" timestamp="2024-02-19T10:45:01 IST" skipped="0">
  <testcase classname="C2_Transactions_SemiFinished_Product_ReInitiate.TC_05_Bill_Of_Material_ReInitiate" name="Bill_Of_Material" time="51.240"/>
  <system-out/>
</testsuite> <!-- C2_Transactions_SemiFinished_Product_ReInitiate.TC_05_Bill_Of_Material_ReInitiate -->
