<?xml version="1.0" encoding="UTF-8"?>
<!-- Generated by org.testng.reporters.JUnitReportReporter -->
<testsuite hostname="AILT-100286" failures="0" tests="1" name="Transactions_Positive.TC_21_Post_Goods_Issue_02_Issue" time="22.625" errors="0" timestamp="2024-01-04T16:17:27 IST" skipped="0">
  <testcase classname="Transactions_Positive.TC_21_Post_Goods_Issue_02_Issue" name="Bill_Of_Material" time="22.625"/>
  <system-out/>
</testsuite> <!-- Transactions_Positive.TC_21_Post_Goods_Issue_02_Issue -->
