<?xml version="1.0" encoding="UTF-8"?>
<!-- Generated by org.testng.reporters.JUnitReportReporter -->
<testsuite hostname="AILT-100286" failures="0" tests="1" name="D3_Transactions_FinishedProduct_Release.TC_10_Material_Transfer_Note_Release" time="39.629" errors="0" timestamp="2024-06-11T20:24:12 IST" skipped="0">
  <testcase classname="D3_Transactions_FinishedProduct_Release.TC_10_Material_Transfer_Note_Release" name="Ordertypr" time="39.629"/>
  <system-out/>
</testsuite> <!-- D3_Transactions_FinishedProduct_Release.TC_10_Material_Transfer_Note_Release -->
