<?xml version="1.0" encoding="UTF-8"?>
<!-- Generated by org.testng.reporters.JUnitReportReporter -->
<testsuite hostname="AILT-100286" failures="0" tests="1" name="A4_Single_Screen.TC_01_General_Indent_Issuance" time="11.764" errors="0" timestamp="2024-01-08T16:43:55 IST" skipped="0">
  <testcase classname="A4_Single_Screen.TC_01_General_Indent_Issuance" name="Ordertype" time="11.764"/>
  <system-out/>
</testsuite> <!-- A4_Single_Screen.TC_01_General_Indent_Issuance -->
