<?xml version="1.0" encoding="UTF-8"?>
<!-- Generated by org.testng.reporters.JUnitReportReporter -->
<testsuite hostname="AILT-100286" failures="0" tests="1" name="A1_Transactions_Final.TC_05_01_BOM_SFG_Add_2RM_No_KSM" time="92.265" errors="0" timestamp="2024-02-14T15:43:40 IST" skipped="0">
  <testcase classname="A1_Transactions_Final.TC_05_01_BOM_SFG_Add_2RM_No_KSM" name="Bill_Of_Material" time="92.265"/>
  <system-out/>
</testsuite> <!-- A1_Transactions_Final.TC_05_01_BOM_SFG_Add_2RM_No_KSM -->
