<?xml version="1.0" encoding="UTF-8"?>
<!-- Generated by org.testng.reporters.JUnitReportReporter -->
<testsuite hostname="AILT-100286" failures="0" tests="1" name="A1_Transactions_FinishedProduct.TC_12_01_Goods_Issue_FP_4x1" time="58.154" errors="0" timestamp="2024-01-19T15:09:09 IST" skipped="0">
  <testcase classname="A1_Transactions_FinishedProduct.TC_12_01_Goods_Issue_FP_4x1" name="Ordertypr" time="58.154"/>
  <system-out/>
</testsuite> <!-- A1_Transactions_FinishedProduct.TC_12_01_Goods_Issue_FP_4x1 -->
