<?xml version="1.0" encoding="UTF-8"?>
<!-- Generated by org.testng.reporters.JUnitReportReporter -->
<testsuite hostname="AILT-100286" failures="0" tests="1" name="Transactions_Release.TC_05_Batch_Order_Release" time="35.455" errors="0" timestamp="2024-01-04T21:17:03 IST" skipped="0">
  <testcase classname="Transactions_Release.TC_05_Batch_Order_Release" name="Ordertypr" time="35.455"/>
  <system-out/>
</testsuite> <!-- Transactions_Release.TC_05_Batch_Order_Release -->
