<?xml version="1.0" encoding="UTF-8"?>
<!-- Generated by org.testng.reporters.JUnitReportReporter -->
<testsuite hostname="AILT-100286" failures="0" tests="1" name="C2_Transactions_SemiFinished_Product_ReInitiate.TC_03_Batch_Order_ReInitiate_Normal" time="39.783" errors="0" timestamp="2024-02-21T16:35:38 IST" skipped="0">
  <testcase classname="C2_Transactions_SemiFinished_Product_ReInitiate.TC_03_Batch_Order_ReInitiate_Normal" name="Bill_Of_Material" time="39.783"/>
  <system-out/>
</testsuite> <!-- C2_Transactions_SemiFinished_Product_ReInitiate.TC_03_Batch_Order_ReInitiate_Normal -->
