<?xml version="1.0" encoding="UTF-8"?>
<!-- Generated by org.testng.reporters.JUnitReportReporter -->
<testsuite hostname="AILT-100286" failures="0" tests="1" name="D1_Transactions_FinishedProduct_Create.TC_12_01_Goods_Issue_FP_4x1" time="51.955" errors="0" timestamp="2024-06-11T19:59:47 IST" skipped="0">
  <testcase classname="D1_Transactions_FinishedProduct_Create.TC_12_01_Goods_Issue_FP_4x1" name="Ordertypr" time="51.955"/>
  <system-out/>
</testsuite> <!-- D1_Transactions_FinishedProduct_Create.TC_12_01_Goods_Issue_FP_4x1 -->
