<?xml version="1.0" encoding="UTF-8"?>
<!-- Generated by org.testng.reporters.JUnitReportReporter -->
<testsuite hostname="AILT-100286" failures="0" tests="1" name="A2_Transactions_Release.TC_09_Batch_Process_Closure_Release" time="45.509" errors="0" timestamp="2024-01-18T16:28:15 IST" skipped="0">
  <testcase classname="A2_Transactions_Release.TC_09_Batch_Process_Closure_Release" name="Ordertypr" time="45.509"/>
  <system-out/>
</testsuite> <!-- A2_Transactions_Release.TC_09_Batch_Process_Closure_Release -->
