<?xml version="1.0" encoding="UTF-8"?>
<!-- Generated by org.testng.reporters.JUnitReportReporter -->
<testsuite hostname="AILT-100286" failures="0" tests="1" name="A_Transaction_ReInitiate.TC_02_Good_Recipt_With_PO_ReInitiate" time="21.007" errors="0" timestamp="2024-01-03T17:50:29 IST" skipped="0">
  <testcase classname="A_Transaction_ReInitiate.TC_02_Good_Recipt_With_PO_ReInitiate" name="Ordertypr" time="21.007"/>
  <system-out/>
</testsuite> <!-- A_Transaction_ReInitiate.TC_02_Good_Recipt_With_PO_ReInitiate -->
