<?xml version="1.0" encoding="UTF-8"?>
<!-- Generated by org.testng.reporters.JUnitReportReporter -->
<testsuite hostname="AILT-100286" failures="0" tests="1" name="Transactions_Positive.TC_08_Create_Test_Request_SPF" time="61.001" errors="0" timestamp="2023-12-27T16:16:39 IST" skipped="0">
  <testcase classname="Transactions_Positive.TC_08_Create_Test_Request_SPF" name="Bill_Of_Material" time="61.001"/>
  <system-out/>
</testsuite> <!-- Transactions_Positive.TC_08_Create_Test_Request_SPF -->
