<?xml version="1.0" encoding="UTF-8"?>
<!-- Generated by org.testng.reporters.JUnitReportReporter -->
<testsuite hostname="AILT-100416" failures="0" tests="2" name="ZZ_Issues_AutomationTestScripts.TC_O1_BatchOrder_update" time="65.025" errors="0" timestamp="2024-08-05T15:18:24 IST" skipped="0">
  <testcase classname="ZZ_Issues_AutomationTestScripts.TC_O1_BatchOrder_update" name="batchOrderRelease" time="38.408"/>
  <testcase classname="ZZ_Issues_AutomationTestScripts.TC_O1_BatchOrder_update" name="batchOrderReInitiate" time="26.617"/>
</testsuite> <!-- ZZ_Issues_AutomationTestScripts.TC_O1_BatchOrder_update -->
