<?xml version="1.0" encoding="UTF-8"?>
<!-- Generated by org.testng.reporters.JUnitReportReporter -->
<testsuite hostname="AILT-100286" failures="0" tests="1" name="Transactions_Positive.TC_06_Batch_Order_01_2RM_Add" time="106.985" errors="0" timestamp="2023-12-28T16:23:09 IST" skipped="0">
  <testcase classname="Transactions_Positive.TC_06_Batch_Order_01_2RM_Add" name="Bill_Of_Material" time="106.985"/>
  <system-out/>
</testsuite> <!-- Transactions_Positive.TC_06_Batch_Order_01_2RM_Add -->
