<?xml version="1.0" encoding="UTF-8"?>
<!-- Generated by org.testng.reporters.JUnitReportReporter -->
<testsuite hostname="AILT-100286" failures="0" tests="1" name="A1_Transactions_Positive.TC_16_Batch_Process_Closure_FP" time="29.639" errors="0" timestamp="2024-01-18T12:27:48 IST" skipped="0">
  <testcase classname="A1_Transactions_Positive.TC_16_Batch_Process_Closure_FP" name="Bill_Of_Material" time="29.639"/>
  <system-out/>
</testsuite> <!-- A1_Transactions_Positive.TC_16_Batch_Process_Closure_FP -->
