<?xml version="1.0" encoding="UTF-8"?>
<!-- Generated by org.testng.reporters.JUnitReportReporter -->
<testsuite hostname="AILT-100286" failures="0" tests="1" name="C2_Transactions_SemiFinished_Product_ReInitiate.TC_01_3_BOM_ReInitiate_For_2RM_Add_1RM_NegativeTesting_Total_3RM_atLast" time="124.907" errors="0" timestamp="2024-02-22T11:02:20 IST" skipped="0">
  <testcase classname="C2_Transactions_SemiFinished_Product_ReInitiate.TC_01_3_BOM_ReInitiate_For_2RM_Add_1RM_NegativeTesting_Total_3RM_atLast" name="Bill_Of_Material" time="124.907"/>
  <system-out/>
</testsuite> <!-- C2_Transactions_SemiFinished_Product_ReInitiate.TC_01_3_BOM_ReInitiate_For_2RM_Add_1RM_NegativeTesting_Total_3RM_atLast -->
