<?xml version="1.0" encoding="UTF-8"?>
<!-- Generated by org.testng.reporters.JUnitReportReporter -->
<testsuite hostname="AILT-100286" failures="0" tests="1" name="Transactions_Positive.TC_06_Batch_Order" time="89.326" errors="0" timestamp="2023-12-20T12:22:18 IST" skipped="0">
  <testcase classname="Transactions_Positive.TC_06_Batch_Order" name="Bill_Of_Material" time="89.326"/>
  <system-out/>
</testsuite> <!-- Transactions_Positive.TC_06_Batch_Order -->
