<?xml version="1.0" encoding="UTF-8"?>
<!-- Generated by org.testng.reporters.JUnitReportReporter -->
<testsuite hostname="AILT-100286" failures="0" tests="1" name="A1_Transactions_Final.TC_02_Goods_Recipt_With_PO_Split_1_Batch" time="102.673" errors="0" timestamp="2024-01-27T16:16:56 IST" skipped="0">
  <testcase classname="A1_Transactions_Final.TC_02_Goods_Recipt_With_PO_Split_1_Batch" name="Ordertypr" time="102.673"/>
  <system-out/>
</testsuite> <!-- A1_Transactions_Final.TC_02_Goods_Recipt_With_PO_Split_1_Batch -->
