<?xml version="1.0" encoding="UTF-8"?>
<!-- Generated by org.testng.reporters.JUnitReportReporter -->
<testsuite hostname="AILT-100286" failures="0" tests="1" name="A3_Transaction_ReInitiate_FinishedProduct.TC_05_Bill_Of_Material_ReInitiate_Adding_1RM_NegativeTesting" time="135.185" errors="0" timestamp="2024-02-16T14:47:48 IST" skipped="0">
  <testcase classname="A3_Transaction_ReInitiate_FinishedProduct.TC_05_Bill_Of_Material_ReInitiate_Adding_1RM_NegativeTesting" name="Bill_Of_Material" time="135.185"/>
  <system-out/>
</testsuite> <!-- A3_Transaction_ReInitiate_FinishedProduct.TC_05_Bill_Of_Material_ReInitiate_Adding_1RM_NegativeTesting -->
