<?xml version="1.0" encoding="UTF-8"?>
<!-- Generated by org.testng.reporters.JUnitReportReporter -->
<testsuite hostname="AILT-100286" failures="0" tests="1" name="A1_Transactions_Final.TC_06_01_Batch_Order_SFG_2RM_Add" time="95.163" errors="0" timestamp="2024-02-15T15:52:53 IST" skipped="0">
  <testcase classname="A1_Transactions_Final.TC_06_01_Batch_Order_SFG_2RM_Add" name="Bill_Of_Material" time="95.163"/>
  <system-out/>
</testsuite> <!-- A1_Transactions_Final.TC_06_01_Batch_Order_SFG_2RM_Add -->
