<?xml version="1.0" encoding="UTF-8"?>
<!-- Generated by org.testng.reporters.JUnitReportReporter -->
<testsuite hostname="AILT-100286" failures="0" tests="1" name="C3_Transactions_SemiFinished_Product_Release.TC_06_Goods_Issue_Mat_Return" time="30.918" errors="0" timestamp="2024-02-21T18:10:24 IST" skipped="0">
  <testcase classname="C3_Transactions_SemiFinished_Product_Release.TC_06_Goods_Issue_Mat_Return" name="Ordertypr" time="30.918"/>
  <system-out/>
</testsuite> <!-- C3_Transactions_SemiFinished_Product_Release.TC_06_Goods_Issue_Mat_Return -->
