<?xml version="1.0" encoding="UTF-8"?>
<!-- Generated by org.testng.reporters.JUnitReportReporter -->
<testsuite hostname="AILT-100286" failures="0" tests="1" name="A_Transaction_Return.TC_01_Purchase_Order_Entry_Return" time="30.562" errors="0" timestamp="2023-12-18T12:59:12 IST" skipped="0">
  <testcase classname="A_Transaction_Return.TC_01_Purchase_Order_Entry_Return" name="Purchase_Order_Entry_Release" time="30.562"/>
  <system-out/>
</testsuite> <!-- A_Transaction_Return.TC_01_Purchase_Order_Entry_Return -->
