<?xml version="1.0" encoding="UTF-8"?>
<!-- Generated by org.testng.reporters.JUnitReportReporter -->
<testsuite hostname="AILT-100416" failures="0" tests="1" name="ZZ_Issues_AutomationTestScripts.TC_05_02_BOM_SFG_Add_2RM_No_KSM_update" time="49.588" errors="0" timestamp="2024-08-05T13:03:02 IST" skipped="0">
  <testcase classname="ZZ_Issues_AutomationTestScripts.TC_05_02_BOM_SFG_Add_2RM_No_KSM_update" name="BillOfMaterialRelease" time="49.588"/>
</testsuite> <!-- ZZ_Issues_AutomationTestScripts.TC_05_02_BOM_SFG_Add_2RM_No_KSM_update -->
