<?xml version="1.0" encoding="UTF-8"?>
<!-- Generated by org.testng.reporters.JUnitReportReporter -->
<testsuite hostname="AILT-100286" failures="0" tests="1" name="Transactions_Positive.TC_07_Goods_Issue_Mat_Req_Updated_SF_01" time="34.377" errors="0" timestamp="2023-12-27T12:33:49 IST" skipped="0">
  <testcase classname="Transactions_Positive.TC_07_Goods_Issue_Mat_Req_Updated_SF_01" name="Ordertypr" time="34.377"/>
  <system-out/>
</testsuite> <!-- Transactions_Positive.TC_07_Goods_Issue_Mat_Req_Updated_SF_01 -->
