<?xml version="1.0" encoding="UTF-8"?>
<!-- Generated by org.testng.reporters.JUnitReportReporter -->
<testsuite hostname="AILT-100286" failures="0" tests="1" name="C2_Transactions_SemiFinished_Product_ReInitiate.TC_03_02_BO_ReInitiate_2_RM_ChangeRequestedQuantity_Add_1Additional_RM" time="69.396" errors="0" timestamp="2024-02-21T17:02:13 IST" skipped="0">
  <testcase classname="C2_Transactions_SemiFinished_Product_ReInitiate.TC_03_02_BO_ReInitiate_2_RM_ChangeRequestedQuantity_Add_1Additional_RM" name="Bill_Of_Material" time="69.396"/>
  <system-out/>
</testsuite> <!-- C2_Transactions_SemiFinished_Product_ReInitiate.TC_03_02_BO_ReInitiate_2_RM_ChangeRequestedQuantity_Add_1Additional_RM -->
