<?xml version="1.0" encoding="UTF-8"?>
<!-- Generated by org.testng.reporters.JUnitReportReporter -->
<testsuite hostname="AILT-100416" failures="0" tests="1" name="A2_Master_Release.TC_01_material_Master_Release_Update" time="15.545" errors="0" timestamp="2024-08-05T11:47:23 IST" skipped="0">
  <testcase classname="A2_Master_Release.TC_01_material_Master_Release_Update" name="Ordertypr" time="15.545"/>
</testsuite> <!-- A2_Master_Release.TC_01_material_Master_Release_Update -->
