<?xml version="1.0" encoding="UTF-8"?>
<!-- Generated by org.testng.reporters.JUnitReportReporter -->
<testsuite hostname="AILT-100286" failures="0" tests="1" name="A_Transaction_ReInitiate.TC_05_Bill_Of_Material_ReInitiate_Adding_1RM_NegativeTesting" time="39.625" errors="0" timestamp="2024-01-04T19:00:35 IST" skipped="0">
  <testcase classname="A_Transaction_ReInitiate.TC_05_Bill_Of_Material_ReInitiate_Adding_1RM_NegativeTesting" name="Bill_Of_Material" time="39.625"/>
  <system-out/>
</testsuite> <!-- A_Transaction_ReInitiate.TC_05_Bill_Of_Material_ReInitiate_Adding_1RM_NegativeTesting -->
