<?xml version="1.0" encoding="UTF-8"?>
<!-- Generated by org.testng.reporters.JUnitReportReporter -->
<testsuite hostname="AILT-100286" failures="0" tests="1" name="A2_Transactions_Release.TC_10_Material_Transfer_Note_Release" time="35.005" errors="0" timestamp="2024-01-18T16:37:07 IST" skipped="0">
  <testcase classname="A2_Transactions_Release.TC_10_Material_Transfer_Note_Release" name="Ordertypr" time="35.005"/>
  <system-out/>
</testsuite> <!-- A2_Transactions_Release.TC_10_Material_Transfer_Note_Release -->
