<?xml version="1.0" encoding="UTF-8"?>
<!-- Generated by org.testng.reporters.JUnitReportReporter -->
<testsuite hostname="AILT-100286" failures="0" tests="1" name="A1_Transactions_FinishedProduct.TC_10_01_BOM_FP_Add_2Material_1RM_1SFG_No_KSM" time="86.942" errors="0" timestamp="2024-02-16T11:10:21 IST" skipped="0">
  <testcase classname="A1_Transactions_FinishedProduct.TC_10_01_BOM_FP_Add_2Material_1RM_1SFG_No_KSM" name="Bill_Of_Material" time="86.942"/>
  <system-out/>
</testsuite> <!-- A1_Transactions_FinishedProduct.TC_10_01_BOM_FP_Add_2Material_1RM_1SFG_No_KSM -->
