<?xml version="1.0" encoding="UTF-8"?>
<!-- Generated by org.testng.reporters.JUnitReportReporter -->
<testsuite hostname="AILT-100416" failures="0" tests="1" name="ZZ_Issues_AutomationTestScripts.GoodReciptWithPO01Container" time="58.166" errors="0" timestamp="2024-08-03T18:16:32 IST" skipped="0">
  <testcase classname="ZZ_Issues_AutomationTestScripts.GoodReciptWithPO01Container" name="goodsReceiptWithPoRelease" time="58.166"/>
</testsuite> <!-- ZZ_Issues_AutomationTestScripts.GoodReciptWithPO01Container -->
