<?xml version="1.0" encoding="UTF-8"?>
<!-- Generated by org.testng.reporters.JUnitReportReporter -->
<testsuite hostname="AILT-100286" failures="0" tests="1" name="com_4.Master_Release_Updated.TC_06_Product_Requirement_Release" time="22.707" errors="0" timestamp="2024-01-04T20:11:20 IST" skipped="0">
  <testcase classname="com_4.Master_Release_Updated.TC_06_Product_Requirement_Release" name="Ordertypr" time="22.707"/>
  <system-out/>
</testsuite> <!-- com_4.Master_Release_Updated.TC_06_Product_Requirement_Release -->
