<?xml version="1.0" encoding="UTF-8"?>
<!-- Generated by org.testng.reporters.JUnitReportReporter -->
<testsuite hostname="AILT-100286" failures="0" tests="1" name="A2_Transactions_Release.TC_06_Goods_Issue_Mat_Return" time="51.034" errors="0" timestamp="2024-02-16T10:27:37 IST" skipped="0">
  <testcase classname="A2_Transactions_Release.TC_06_Goods_Issue_Mat_Return" name="Ordertypr" time="51.034"/>
  <system-out/>
</testsuite> <!-- A2_Transactions_Release.TC_06_Goods_Issue_Mat_Return -->
