<?xml version="1.0" encoding="UTF-8"?>
<!-- Generated by org.testng.reporters.JUnitReportReporter -->
<testsuite hostname="AILT-100286" failures="0" tests="1" name="C1_Transactions_SemiFinished_Product_Create.TC_07_03_Goods_Issue_01_SFP_02_4x2" time="91.619" errors="0" timestamp="2024-02-21T18:00:46 IST" skipped="0">
  <testcase classname="C1_Transactions_SemiFinished_Product_Create.TC_07_03_Goods_Issue_01_SFP_02_4x2" name="Ordertypr" time="91.619"/>
  <system-out/>
</testsuite> <!-- C1_Transactions_SemiFinished_Product_Create.TC_07_03_Goods_Issue_01_SFP_02_4x2 -->
