<?xml version="1.0" encoding="UTF-8"?>
<!-- Generated by org.testng.reporters.JUnitReportReporter -->
<testsuite hostname="AILT-100286" failures="0" tests="1" name="D2_Transactions_FinishedProduct_Release.TC_06_Goods_Issue_Mat_Return" time="38.189" errors="0" timestamp="2024-02-16T19:30:04 IST" skipped="0">
  <testcase classname="D2_Transactions_FinishedProduct_Release.TC_06_Goods_Issue_Mat_Return" name="Ordertypr" time="38.189"/>
  <system-out/>
</testsuite> <!-- D2_Transactions_FinishedProduct_Release.TC_06_Goods_Issue_Mat_Return -->
