<?xml version="1.0" encoding="UTF-8"?>
<!-- Generated by org.testng.reporters.JUnitReportReporter -->
<testsuite hostname="AILT-100286" failures="0" tests="1" name="Transactions_Positive.TC_21_Post_Goods_Issue" time="20.239" errors="0" timestamp="2024-01-04T15:48:18 IST" skipped="0">
  <testcase classname="Transactions_Positive.TC_21_Post_Goods_Issue" name="Bill_Of_Material" time="20.239"/>
  <system-out/>
</testsuite> <!-- Transactions_Positive.TC_21_Post_Goods_Issue -->
