<?xml version="1.0" encoding="UTF-8"?>
<!-- Generated by org.testng.reporters.JUnitReportReporter -->
<testsuite hostname="AILT-100286" failures="0" tests="1" name="Transactions_Release.TC_02_Good_Recipt_With_PO_Release" time="16.358" errors="0" timestamp="2023-12-19T12:16:37 IST" skipped="0">
  <testcase classname="Transactions_Release.TC_02_Good_Recipt_With_PO_Release" name="Ordertypr" time="16.358"/>
  <system-out/>
</testsuite> <!-- Transactions_Release.TC_02_Good_Recipt_With_PO_Release -->
