<?xml version="1.0" encoding="UTF-8"?>
<!-- Generated by org.testng.reporters.JUnitReportReporter -->
<testsuite hostname="AILT-100416" failures="0" tests="1" name="A1_Master_Create.TC_01_MaterialMasterSemiFinishedMaterial_update" time="58.974" errors="0" timestamp="2024-08-05T11:46:41 IST" skipped="0">
  <testcase classname="A1_Master_Create.TC_01_MaterialMasterSemiFinishedMaterial_update" name="materialMaster" time="58.974"/>
</testsuite> <!-- A1_Master_Create.TC_01_MaterialMasterSemiFinishedMaterial_update -->
