<?xml version="1.0" encoding="UTF-8"?>
<!-- Generated by org.testng.reporters.JUnitReportReporter -->
<testsuite hostname="AILT-100286" failures="0" tests="1" name="A1_Transactions_Final.TC_12_01_Goods_Issue_FP_4x1" time="52.886" errors="0" timestamp="2024-01-18T16:17:39 IST" skipped="0">
  <testcase classname="A1_Transactions_Final.TC_12_01_Goods_Issue_FP_4x1" name="Ordertypr" time="52.886"/>
  <system-out/>
</testsuite> <!-- A1_Transactions_Final.TC_12_01_Goods_Issue_FP_4x1 -->
