<?xml version="1.0" encoding="UTF-8"?>
<!-- Generated by org.testng.reporters.JUnitReportReporter -->
<testsuite hostname="AILT-100286" failures="0" tests="1" name="Transactions_Positive.TC_09_Quality_Inspection2" time="13.233" errors="0" timestamp="2023-12-27T17:09:39 IST" skipped="0">
  <testcase classname="Transactions_Positive.TC_09_Quality_Inspection2" name="Ordertypr" time="13.233"/>
  <system-out/>
</testsuite> <!-- Transactions_Positive.TC_09_Quality_Inspection2 -->
