<?xml version="1.0" encoding="UTF-8"?>
<!-- Generated by org.testng.reporters.JUnitReportReporter -->
<testsuite hostname="AILT-100286" failures="0" tests="1" name="com_1.Master_Creation_Updated.TC_06_Product_Requirement" time="60.635" errors="0" timestamp="2023-12-28T15:22:28 IST" skipped="0">
  <testcase classname="com_1.Master_Creation_Updated.TC_06_Product_Requirement" name="Material_Master" time="60.635"/>
  <system-out/>
</testsuite> <!-- com_1.Master_Creation_Updated.TC_06_Product_Requirement -->
