<?xml version="1.0" encoding="UTF-8"?>
<!-- Generated by org.testng.reporters.JUnitReportReporter -->
<testsuite hostname="AILT-100286" failures="0" tests="1" name="A1_Transactions_Final.TC_09_Quality_Inspection_02_SFP" time="26.909" errors="0" timestamp="2024-01-19T14:38:58 IST" skipped="0">
  <testcase classname="A1_Transactions_Final.TC_09_Quality_Inspection_02_SFP" name="Ordertypr" time="26.909"/>
  <system-out/>
</testsuite> <!-- A1_Transactions_Final.TC_09_Quality_Inspection_02_SFP -->
