<?xml version="1.0" encoding="UTF-8"?>
<!-- Generated by org.testng.reporters.JUnitReportReporter -->
<testsuite hostname="AILT-100286" failures="0" tests="1" name="ZZ_Issues_AutomationTestScripts.TC_01_Quality_Inspection_Search" time="17.851" errors="0" timestamp="2024-06-12T16:59:02 IST" skipped="0">
  <testcase classname="ZZ_Issues_AutomationTestScripts.TC_01_Quality_Inspection_Search" name="Quality_Inspection" time="17.851"/>
  <system-out/>
</testsuite> <!-- ZZ_Issues_AutomationTestScripts.TC_01_Quality_Inspection_Search -->
