<?xml version="1.0" encoding="UTF-8"?>
<!-- Generated by org.testng.reporters.JUnitReportReporter -->
<testsuite hostname="AILT-100286" failures="0" tests="1" name="A1_Transactions_Positive.TC_05_Bill_Of_Material_01st_SFP_Add_1SingleRM_KSM" time="62.632" errors="0" timestamp="2024-01-06T15:05:51 IST" skipped="0">
  <testcase classname="A1_Transactions_Positive.TC_05_Bill_Of_Material_01st_SFP_Add_1SingleRM_KSM" name="Bill_Of_Material" time="62.632"/>
  <system-out/>
</testsuite> <!-- A1_Transactions_Positive.TC_05_Bill_Of_Material_01st_SFP_Add_1SingleRM_KSM -->
