<?xml version="1.0" encoding="UTF-8"?>
<!-- Generated by org.testng.reporters.JUnitReportReporter -->
<testsuite hostname="AILT-100286" failures="0" tests="1" name="A_Transaction_ReInitiate.TC_08_Goods_Issue_Mat_Req_ReInitiate" time="20.119" errors="0" timestamp="2024-01-04T22:24:26 IST" skipped="0">
  <testcase classname="A_Transaction_ReInitiate.TC_08_Goods_Issue_Mat_Req_ReInitiate" name="Ordertypr" time="20.119"/>
  <system-out/>
</testsuite> <!-- A_Transaction_ReInitiate.TC_08_Goods_Issue_Mat_Req_ReInitiate -->
