<?xml version="1.0" encoding="UTF-8"?>
<!-- Generated by org.testng.reporters.JUnitReportReporter -->
<testsuite hostname="AILT-100286" failures="0" tests="1" name="A2_Transactions_Release.TC_12_Dispatch_Request_Release" time="28.608" errors="0" timestamp="2024-01-18T17:21:50 IST" skipped="0">
  <testcase classname="A2_Transactions_Release.TC_12_Dispatch_Request_Release" name="Ordertypr" time="28.608"/>
  <system-out/>
</testsuite> <!-- A2_Transactions_Release.TC_12_Dispatch_Request_Release -->
