<?xml version="1.0" encoding="UTF-8"?>
<!-- Generated by org.testng.reporters.JUnitReportReporter -->
<testsuite hostname="AILT-100286" failures="0" tests="1" name="C2_Transactions_SemiFinished_Product_ReInitiate.TC_08_Goods_Issue_Mat_Req_ReInitiate_Tick5th_Additional_RM" time="37.354" errors="0" timestamp="2024-02-21T18:04:40 IST" skipped="0">
  <testcase classname="C2_Transactions_SemiFinished_Product_ReInitiate.TC_08_Goods_Issue_Mat_Req_ReInitiate_Tick5th_Additional_RM" name="Ordertypr" time="37.354"/>
  <system-out/>
</testsuite> <!-- C2_Transactions_SemiFinished_Product_ReInitiate.TC_08_Goods_Issue_Mat_Req_ReInitiate_Tick5th_Additional_RM -->
