<?xml version="1.0" encoding="UTF-8"?>
<!-- Generated by org.testng.reporters.JUnitReportReporter -->
<testsuite hostname="AILT-100286" failures="0" tests="1" name="D1_Transactions_FinishedProduct_Create.TC_12_02_Goods_Issue_01_FP_02_5x2" time="85.640" errors="0" timestamp="2024-02-16T18:02:05 IST" skipped="0">
  <testcase classname="D1_Transactions_FinishedProduct_Create.TC_12_02_Goods_Issue_01_FP_02_5x2" name="Ordertypr" time="85.640"/>
  <system-out/>
</testsuite> <!-- D1_Transactions_FinishedProduct_Create.TC_12_02_Goods_Issue_01_FP_02_5x2 -->
