<?xml version="1.0" encoding="UTF-8"?>
<!-- Generated by org.testng.reporters.JUnitReportReporter -->
<testsuite hostname="AILT-100286" failures="0" tests="1" name="Transactions_Release.TC_10_Material_Transfer_Note_Release" time="41.743" errors="0" timestamp="2024-01-04T15:04:04 IST" skipped="0">
  <testcase classname="Transactions_Release.TC_10_Material_Transfer_Note_Release" name="Ordertypr" time="41.743"/>
  <system-out/>
</testsuite> <!-- Transactions_Release.TC_10_Material_Transfer_Note_Release -->
