<?xml version="1.0" encoding="UTF-8"?>
<!-- Generated by org.testng.reporters.JUnitReportReporter -->
<testsuite hostname="AILT-100286" failures="0" tests="1" name="Transactions_Release.TC_03_Quality_Inspection_Release" time="51.736" errors="0" timestamp="2024-01-04T22:41:15 IST" skipped="0">
  <testcase classname="Transactions_Release.TC_03_Quality_Inspection_Release" name="Ordertypr" time="51.736"/>
  <system-out/>
</testsuite> <!-- Transactions_Release.TC_03_Quality_Inspection_Release -->
