<?xml version="1.0" encoding="UTF-8"?>
<!-- Generated by org.testng.reporters.JUnitReportReporter -->
<testsuite hostname="AILT-100286" failures="0" tests="1" name="Transactions_Positive.TC_02_Goods_Recipt_With_PO_Split_1_Containter" time="81.125" errors="0" timestamp="2024-01-03T17:24:54 IST" skipped="0">
  <testcase classname="Transactions_Positive.TC_02_Goods_Recipt_With_PO_Split_1_Containter" name="Ordertypr" time="81.125"/>
  <system-out/>
</testsuite> <!-- Transactions_Positive.TC_02_Goods_Recipt_With_PO_Split_1_Containter -->
