<?xml version="1.0" encoding="UTF-8"?>
<!-- Generated by org.testng.reporters.JUnitReportReporter -->
<testsuite hostname="AILT-100286" failures="0" tests="1" name="Transactions_Positive.TC_18_Material_Transfer_Receipt_Return" time="11.281" errors="0" timestamp="2024-01-04T15:00:44 IST" skipped="0">
  <testcase classname="Transactions_Positive.TC_18_Material_Transfer_Receipt_Return" name="Ordertypr" time="11.281"/>
  <system-out/>
</testsuite> <!-- Transactions_Positive.TC_18_Material_Transfer_Receipt_Return -->
