<?xml version="1.0" encoding="UTF-8"?>
<!-- Generated by org.testng.reporters.JUnitReportReporter -->
<testsuite hostname="AILT-100286" failures="0" tests="1" name="Transactions_Release.TC_07_Create_Test_Request_Release" time="23.962" errors="0" timestamp="2024-01-04T22:36:58 IST" skipped="0">
  <testcase classname="Transactions_Release.TC_07_Create_Test_Request_Release" name="Ordertypr" time="23.962"/>
  <system-out/>
</testsuite> <!-- Transactions_Release.TC_07_Create_Test_Request_Release -->
