<?xml version="1.0" encoding="UTF-8"?>
<!-- Generated by org.testng.reporters.JUnitReportReporter -->
<testsuite hostname="AILT-100416" failures="0" tests="1" name="ZZ_Issues_AutomationTestScripts.QualityInspection1Batch1updated" time="47.197" errors="0" timestamp="2024-08-03T18:19:36 IST" skipped="0">
  <testcase classname="ZZ_Issues_AutomationTestScripts.QualityInspection1Batch1updated" name="QualityInspectionCreate" time="47.197"/>
</testsuite> <!-- ZZ_Issues_AutomationTestScripts.QualityInspection1Batch1updated -->
