<?xml version="1.0" encoding="UTF-8"?>
<!-- Generated by org.testng.reporters.JUnitReportReporter -->
<testsuite hostname="AILT-100416" failures="0" tests="1" name="ZZ_Issues_AutomationTestScripts.TC_01_MaterialMasterRawMaterial" time="49.416" errors="0" timestamp="2024-07-20T11:08:30 IST" skipped="0">
  <testcase classname="ZZ_Issues_AutomationTestScripts.TC_01_MaterialMasterRawMaterial" name="materialMaster" time="49.416"/>
</testsuite> <!-- ZZ_Issues_AutomationTestScripts.TC_01_MaterialMasterRawMaterial -->
