<?xml version="1.0" encoding="UTF-8"?>
<!-- Generated by org.testng.reporters.JUnitReportReporter -->
<testsuite hostname="AILT-100286" failures="0" tests="1" name="C2_Transactions_SemiFinished_Product_ReInitiate.TC_01_Bill_Of_Material_ReInitiate_Normal" time="49.857" errors="0" timestamp="2024-02-22T10:52:25 IST" skipped="0">
  <testcase classname="C2_Transactions_SemiFinished_Product_ReInitiate.TC_01_Bill_Of_Material_ReInitiate_Normal" name="Bill_Of_Material" time="49.857"/>
  <system-out/>
</testsuite> <!-- C2_Transactions_SemiFinished_Product_ReInitiate.TC_01_Bill_Of_Material_ReInitiate_Normal -->
