<?xml version="1.0" encoding="UTF-8"?>
<!-- Generated by org.testng.reporters.JUnitReportReporter -->
<testsuite hostname="AILT-100286" failures="0" tests="1" name="Z_Single_Screen.TC_01_Material_Inventory" time="33.564" errors="0" timestamp="2024-06-11T16:48:01 IST" skipped="0">
  <testcase classname="Z_Single_Screen.TC_01_Material_Inventory" name="Material_Inventory" time="33.564"/>
  <system-out/>
</testsuite> <!-- Z_Single_Screen.TC_01_Material_Inventory -->
