<?xml version="1.0" encoding="UTF-8"?>
<!-- Generated by org.testng.reporters.JUnitReportReporter -->
<testsuite hostname="AILT-100286" failures="0" tests="1" name="A1_Transactions_Final.TC_13_Create_Test_Request_Prod_FP" time="54.585" errors="0" timestamp="2024-01-18T16:20:44 IST" skipped="0">
  <testcase classname="A1_Transactions_Final.TC_13_Create_Test_Request_Prod_FP" name="Bill_Of_Material" time="54.585"/>
  <system-out/>
</testsuite> <!-- A1_Transactions_Final.TC_13_Create_Test_Request_Prod_FP -->
