<?xml version="1.0" encoding="UTF-8"?>
<!-- Generated by org.testng.reporters.JUnitReportReporter -->
<testsuite hostname="AILT-100286" failures="0" tests="1" name="D3_Transactions_FinishedProduct_Release.TC_09_Batch_Process_Closure_Release_ONLY" time="45.114" errors="0" timestamp="2024-06-11T20:22:23 IST" skipped="0">
  <testcase classname="D3_Transactions_FinishedProduct_Release.TC_09_Batch_Process_Closure_Release_ONLY" name="Ordertypr" time="45.114"/>
  <system-out/>
</testsuite> <!-- D3_Transactions_FinishedProduct_Release.TC_09_Batch_Process_Closure_Release_ONLY -->
