<?xml version="1.0" encoding="UTF-8"?>
<!-- Generated by org.testng.reporters.JUnitReportReporter -->
<testsuite hostname="AILT-100286" failures="0" tests="1" name="Transactions_Positive.TC_06_Batch_Order_01_RM_RM_Add_Partial_Lots_NegativeTesting" time="81.215" errors="0" timestamp="2024-01-04T20:19:26 IST" skipped="0">
  <testcase classname="Transactions_Positive.TC_06_Batch_Order_01_RM_RM_Add_Partial_Lots_NegativeTesting" name="Bill_Of_Material" time="81.215"/>
  <system-out/>
</testsuite> <!-- Transactions_Positive.TC_06_Batch_Order_01_RM_RM_Add_Partial_Lots_NegativeTesting -->
