<?xml version="1.0" encoding="UTF-8"?>
<!-- Generated by org.testng.reporters.JUnitReportReporter -->
<testsuite hostname="AILT-100286" failures="0" tests="1" name="D3_Transaction_FinishedProduct_ReInitiate.TC_08_Goods_Issue_Mat_Req_ReInitiate_Normal" time="33.182" errors="0" timestamp="2024-02-16T19:29:12 IST" skipped="0">
  <testcase classname="D3_Transaction_FinishedProduct_ReInitiate.TC_08_Goods_Issue_Mat_Req_ReInitiate_Normal" name="Ordertypr" time="33.182"/>
  <system-out/>
</testsuite> <!-- D3_Transaction_FinishedProduct_ReInitiate.TC_08_Goods_Issue_Mat_Req_ReInitiate_Normal -->
