<?xml version="1.0" encoding="UTF-8"?>
<!-- Generated by org.testng.reporters.JUnitReportReporter -->
<testsuite hostname="AILT-100286" failures="0" tests="1" name="Transactions_Positive.TC_06_Batch_Order_01_RM_RM_Add_Partial_Lots" time="92.004" errors="0" timestamp="2024-01-04T12:25:00 IST" skipped="0">
  <testcase classname="Transactions_Positive.TC_06_Batch_Order_01_RM_RM_Add_Partial_Lots" name="Bill_Of_Material" time="92.004"/>
  <system-out/>
</testsuite> <!-- Transactions_Positive.TC_06_Batch_Order_01_RM_RM_Add_Partial_Lots -->
