<?xml version="1.0" encoding="UTF-8"?>
<!-- Generated by org.testng.reporters.JUnitReportReporter -->
<testsuite hostname="AILT-100286" failures="0" tests="1" name="Transactions_Positive.TC_18_Material_Transfer_Receipt_Release_FP" time="25.314" errors="0" timestamp="2024-01-04T15:05:10 IST" skipped="0">
  <testcase classname="Transactions_Positive.TC_18_Material_Transfer_Receipt_Release_FP" name="Ordertypr" time="25.314"/>
  <system-out/>
</testsuite> <!-- Transactions_Positive.TC_18_Material_Transfer_Receipt_Release_FP -->
