<?xml version="1.0" encoding="UTF-8"?>
<!-- Generated by org.testng.reporters.JUnitReportReporter -->
<testsuite hostname="AILT-100286" failures="0" tests="1" name="Transactions_Positive.TC_16_Batch_Process_Closure2" time="21.919" errors="0" timestamp="2023-12-25T17:46:56 IST" skipped="0">
  <testcase classname="Transactions_Positive.TC_16_Batch_Process_Closure2" name="Bill_Of_Material" time="21.919"/>
  <system-out/>
</testsuite> <!-- Transactions_Positive.TC_16_Batch_Process_Closure2 -->
