<?xml version="1.0" encoding="UTF-8"?>
<!-- Generated by org.testng.reporters.JUnitReportReporter -->
<testsuite hostname="AILT-100286" failures="0" tests="1" name="Transactions_Positive.TC_04_Quality_Inspection_for_1_Batch" time="15.650" errors="0" timestamp="2023-12-26T15:03:09 IST" skipped="0">
  <testcase classname="Transactions_Positive.TC_04_Quality_Inspection_for_1_Batch" name="Quality_Inspection" time="15.650"/>
  <system-out/>
</testsuite> <!-- Transactions_Positive.TC_04_Quality_Inspection_for_1_Batch -->
