<?xml version="1.0" encoding="UTF-8"?>
<!-- Generated by org.testng.reporters.JUnitReportReporter -->
<testsuite hostname="AILT-100416" failures="0" tests="1" name="ZZ_Issues_AutomationTestScripts.Quality_Inspection_for_1_Batch_updated" time="48.209" errors="0" timestamp="2024-07-19T12:00:03 IST" skipped="0">
  <testcase classname="ZZ_Issues_AutomationTestScripts.Quality_Inspection_for_1_Batch_updated" name="Quality_Inspection" time="48.209"/>
</testsuite> <!-- ZZ_Issues_AutomationTestScripts.Quality_Inspection_for_1_Batch_updated -->
