<?xml version="1.0" encoding="UTF-8"?>
<!-- Generated by org.testng.reporters.JUnitReportReporter -->
<testsuite hostname="AILT-100286" failures="0" tests="1" name="A1_Transaction_RawMaterial.TC_02_Goods_Recipt_With_PO_Split_2_Containter_Progress" time="312.135" errors="0" timestamp="2024-01-29T16:12:39 IST" skipped="0">
  <testcase classname="A1_Transaction_RawMaterial.TC_02_Goods_Recipt_With_PO_Split_2_Containter_Progress" name="Ordertypr" time="312.135"/>
  <system-out/>
</testsuite> <!-- A1_Transaction_RawMaterial.TC_02_Goods_Recipt_With_PO_Split_2_Containter_Progress -->
