<?xml version="1.0" encoding="UTF-8"?>
<!-- Generated by org.testng.reporters.JUnitReportReporter -->
<testsuite hostname="AILT-100286" failures="0" tests="1" name="Transactions_Positive.TC_02_Good_Recipt_With_PO" time="112.004" errors="0" timestamp="2023-12-26T12:24:38 IST" skipped="0">
  <testcase classname="Transactions_Positive.TC_02_Good_Recipt_With_PO" name="Ordertypr" time="112.004"/>
  <system-out/>
</testsuite> <!-- Transactions_Positive.TC_02_Good_Recipt_With_PO -->
