<?xml version="1.0" encoding="UTF-8"?>
<!-- Generated by org.testng.reporters.JUnitReportReporter -->
<testsuite hostname="AILT-100286" failures="0" tests="1" name="Transactions_Release.TC_07_Create_Test_Request_Return" time="17.904" errors="0" timestamp="2023-12-26T18:48:07 IST" skipped="0">
  <testcase classname="Transactions_Release.TC_07_Create_Test_Request_Return" name="Ordertypr" time="17.904"/>
  <system-out/>
</testsuite> <!-- Transactions_Release.TC_07_Create_Test_Request_Return -->
