<?xml version="1.0" encoding="UTF-8"?>
<!-- Generated by org.testng.reporters.JUnitReportReporter -->
<testsuite hostname="AILT-100286" failures="0" tests="1" name="A1_Transactions_Positive.TC_02_Goods_Recipt_With_PO_Split_1_Containter" time="85.364" errors="0" timestamp="2024-01-17T14:58:19 IST" skipped="0">
  <testcase classname="A1_Transactions_Positive.TC_02_Goods_Recipt_With_PO_Split_1_Containter" name="Ordertypr" time="85.364"/>
  <system-out/>
</testsuite> <!-- A1_Transactions_Positive.TC_02_Goods_Recipt_With_PO_Split_1_Containter -->
