<?xml version="1.0" encoding="UTF-8"?>
<!-- Generated by org.testng.reporters.JUnitReportReporter -->
<testsuite hostname="AILT-100286" failures="0" tests="1" name="A_Transaction_ReInitiate.TC_07_Batch_Order_ReInitiate" time="19.191" errors="0" timestamp="2024-01-04T12:26:51 IST" skipped="0">
  <testcase classname="A_Transaction_ReInitiate.TC_07_Batch_Order_ReInitiate" name="Bill_Of_Material" time="19.191"/>
  <system-out/>
</testsuite> <!-- A_Transaction_ReInitiate.TC_07_Batch_Order_ReInitiate -->
